Added Component: Designator=U1(IC THERMOCOUPLE A W/COMP 14CDIP)
Added Component: Designator=U2(IC THERMOCOUPLE A W/COMP 14CDIP)
Added Component: Designator=U3(IC THERMOCOUPLE A W/COMP 14CDIP)
Added Component: Designator=U4(IC ADC 10BIT 2.7V 8CH SPI 16SOIC)
Added Component: Designator=VR(D2PAK_N)
Added Pin To Net: NetName=NetP1_1 Pin=U1-1
Added Pin To Net: NetName=GND Pin=U1-4
Added Pin To Net: NetName=GND Pin=U1-7
Added Pin To Net: NetName=NetU1_8 Pin=U1-8
Added Pin To Net: NetName=NetU1_8 Pin=U1-9
Added Pin To Net: NetName=NetU1_11 Pin=U1-11
Added Pin To Net: NetName=GND Pin=U1-13
Added Pin To Net: NetName=NetP1_2 Pin=U1-14
Added Pin To Net: NetName=NetP2_1 Pin=U2-1
Added Pin To Net: NetName=GND Pin=U2-4
Added Pin To Net: NetName=GND Pin=U2-7
Added Pin To Net: NetName=NetU2_8 Pin=U2-8
Added Pin To Net: NetName=NetU2_8 Pin=U2-9
Added Pin To Net: NetName=NetU1_11 Pin=U2-11
Added Pin To Net: NetName=GND Pin=U2-13
Added Pin To Net: NetName=NetP2_2 Pin=U2-14
Added Pin To Net: NetName=NetP4_1 Pin=U3-1
Added Pin To Net: NetName=GND Pin=U3-4
Added Pin To Net: NetName=GND Pin=U3-7
Added Pin To Net: NetName=NetU3_8 Pin=U3-8
Added Pin To Net: NetName=NetU3_8 Pin=U3-9
Added Pin To Net: NetName=NetU1_11 Pin=U3-11
Added Pin To Net: NetName=GND Pin=U3-13
Added Pin To Net: NetName=NetP4_2 Pin=U3-14
Added Pin To Net: NetName=NetU1_8 Pin=U4-1
Added Pin To Net: NetName=NetU2_8 Pin=U4-2
Added Pin To Net: NetName=NetU3_8 Pin=U4-3
Added Pin To Net: NetName=GND Pin=U4-9
Added Pin To Net: NetName=NetP_8 Pin=U4-10
Added Pin To Net: NetName=NetP_10 Pin=U4-11
Added Pin To Net: NetName=NetP_9 Pin=U4-12
Added Pin To Net: NetName=NetP_11 Pin=U4-13
Added Pin To Net: NetName=GND Pin=U4-14
Added Pin To Net: NetName=GND Pin=U4-15
Added Pin To Net: NetName=NetU1_11 Pin=U4-16
Added Member To Class: ClassName=TC PCB Member=Component U1 IC THERMOCOUPLE A W/COMP 14CDIP
Added Member To Class: ClassName=TC PCB Member=Component U2 IC THERMOCOUPLE A W/COMP 14CDIP
Added Member To Class: ClassName=TC PCB Member=Component U3 IC THERMOCOUPLE A W/COMP 14CDIP
Added Member To Class: ClassName=TC PCB Member=Component U4 IC ADC 10BIT 2.7V 8CH SPI 16SOIC
Added Room: Name=TC PCB
