Added Component: Designator=MOSFET-N1(E3)
Added Component: Designator=MOSFET-N2(E3)
Added Component: Designator=MOSFET-N3(E3)
Added Component: Designator=MOSFET-N5(E3)
Added Component: Designator=MOSFET-N6(E3)
Added Component: Designator=MOSFET-N7(E3)
Added Component: Designator=MOSFET-N8(E3)
Added Component: Designator=R1(AXIAL-0.3)
Added Component: Designator=R2(AXIAL-0.3)
Added Component: Designator=R3(AXIAL-0.3)
Added Component: Designator=R5(AXIAL-0.3)
Added Component: Designator=R6(AXIAL-0.3)
Added Component: Designator=R7(AXIAL-0.3)
Added Component: Designator=R8(AXIAL-0.3)
Added Pin To Net: NetName=NetMOSFET-N1_1 Pin=MOSFET-N1-1
Added Net: Name=NetMOSFET-N1_1
Added Pin To Net: NetName=NetMOSFET-N1_2 Pin=MOSFET-N1-2
Added Pin To Net: NetName=NetMOSFET-N1_2 Pin=R1-2
Added Net: Name=NetMOSFET-N1_2
Added Pin To Net: NetName=NetMOSFET-N1_3 Pin=MOSFET-N1-3
Added Pin To Net: NetName=NetMOSFET-N1_3 Pin=MOSFET-N2-3
Added Pin To Net: NetName=NetMOSFET-N1_3 Pin=MOSFET-N3-3
Added Pin To Net: NetName=NetMOSFET-N1_3 Pin=MOSFET-N5-3
Added Pin To Net: NetName=NetMOSFET-N1_3 Pin=MOSFET-N6-3
Added Pin To Net: NetName=NetMOSFET-N1_3 Pin=MOSFET-N7-3
Added Pin To Net: NetName=NetMOSFET-N1_3 Pin=MOSFET-N8-3
Added Net: Name=NetMOSFET-N1_3
Added Pin To Net: NetName=NetMOSFET-N2_1 Pin=MOSFET-N2-1
Added Net: Name=NetMOSFET-N2_1
Added Pin To Net: NetName=NetMOSFET-N2_2 Pin=MOSFET-N2-2
Added Pin To Net: NetName=NetMOSFET-N2_2 Pin=R2-2
Added Net: Name=NetMOSFET-N2_2
Added Pin To Net: NetName=NetMOSFET-N3_1 Pin=MOSFET-N3-1
Added Net: Name=NetMOSFET-N3_1
Added Pin To Net: NetName=NetMOSFET-N3_2 Pin=MOSFET-N3-2
Added Pin To Net: NetName=NetMOSFET-N3_2 Pin=R3-2
Added Net: Name=NetMOSFET-N3_2
Added Pin To Net: NetName=NetMOSFET-N5_1 Pin=MOSFET-N5-1
Added Net: Name=NetMOSFET-N5_1
Added Pin To Net: NetName=NetMOSFET-N5_2 Pin=MOSFET-N5-2
Added Pin To Net: NetName=NetMOSFET-N5_2 Pin=R5-2
Added Net: Name=NetMOSFET-N5_2
Added Pin To Net: NetName=NetMOSFET-N6_1 Pin=MOSFET-N6-1
Added Net: Name=NetMOSFET-N6_1
Added Pin To Net: NetName=NetMOSFET-N6_2 Pin=MOSFET-N6-2
Added Pin To Net: NetName=NetMOSFET-N6_2 Pin=R6-2
Added Net: Name=NetMOSFET-N6_2
Added Pin To Net: NetName=NetMOSFET-N7_1 Pin=MOSFET-N7-1
Added Net: Name=NetMOSFET-N7_1
Added Pin To Net: NetName=NetMOSFET-N7_2 Pin=MOSFET-N7-2
Added Pin To Net: NetName=NetMOSFET-N7_2 Pin=R7-2
Added Net: Name=NetMOSFET-N7_2
Added Pin To Net: NetName=NetMOSFET-N8_1 Pin=MOSFET-N8-1
Added Net: Name=NetMOSFET-N8_1
Added Pin To Net: NetName=NetMOSFET-N8_2 Pin=MOSFET-N8-2
Added Pin To Net: NetName=NetMOSFET-N8_2 Pin=R8-2
Added Net: Name=NetMOSFET-N8_2
Added Pin To Net: NetName=NetR1_1 Pin=R1-1
Added Net: Name=NetR1_1
Added Pin To Net: NetName=NetR2_1 Pin=R2-1
Added Net: Name=NetR2_1
Added Pin To Net: NetName=NetR3_1 Pin=R3-1
Added Net: Name=NetR3_1
Added Pin To Net: NetName=NetR5_1 Pin=R5-1
Added Net: Name=NetR5_1
Added Pin To Net: NetName=NetR6_1 Pin=R6-1
Added Net: Name=NetR6_1
Added Pin To Net: NetName=NetR7_1 Pin=R7-1
Added Net: Name=NetR7_1
Added Pin To Net: NetName=NetR8_1 Pin=R8-1
Added Net: Name=NetR8_1
Added Class: Name=Relay schematic
